{
  "/Users/dhruv.agrawal/Downloads/next_modular_app/src/modules/calendar/CalendarPage.tsx": {
    "all": false,
    "path": "/Users/dhruv.agrawal/Downloads/next_modular_app/src/modules/calendar/CalendarPage.tsx",
    "statementMap": {
      "0": {
        "start": {
          "line": 7,
          "column": 22
        },
        "end": {
          "line": 10,
          "column": 2
        }
      },
      "1": {
        "start": {
          "line": 7,
          "column": 36
        },
        "end": {
          "line": 7,
          "column": 72
        }
      },
      "2": {
        "start": {
          "line": 9,
          "column": 17
        },
        "end": {
          "line": 9,
          "column": 34
        }
      },
      "3": {
        "start": {
          "line": 12,
          "column": 21
        },
        "end": {
          "line": 23,
          "column": 1
        }
      },
      "4": {
        "start": {
          "line": 13,
          "column": 2
        },
        "end": {
          "line": 15,
          "column": 9
        }
      },
      "5": {
        "start": {
          "line": 14,
          "column": 4
        },
        "end": {
          "line": 14,
          "column": 41
        }
      },
      "6": {
        "start": {
          "line": 17,
          "column": 2
        },
        "end": {
          "line": 22,
          "column": 4
        }
      }
    },
    "b": {},
    "bT": {},
    "s": {
      "0": 2,
      "1": 2,
      "2": 2,
      "3": 2,
      "4": 2,
      "5": 2,
      "6": 2
    },
    "fnMap": {
      "0": {
        "loc": {
          "start": {
            "line": 7,
            "column": 36
          },
          "end": {
            "line": 7,
            "column": 72
          }
        },
        "decl": {
          "start": {
            "line": 7,
            "column": 30
          },
          "end": {
            "line": 7,
            "column": 72
          }
        },
        "line": 7,
        "name": "(anonymous_0)"
      },
      "1": {
        "loc": {
          "start": {
            "line": 9,
            "column": 17
          },
          "end": {
            "line": 9,
            "column": 34
          }
        },
        "decl": {
          "start": {
            "line": 9,
            "column": 11
          },
          "end": {
            "line": 9,
            "column": 34
          }
        },
        "line": 9,
        "name": "(anonymous_1)"
      },
      "2": {
        "loc": {
          "start": {
            "line": 12,
            "column": 27
          },
          "end": {
            "line": 23,
            "column": 1
          }
        },
        "decl": {
          "start": {
            "line": 12,
            "column": 21
          },
          "end": {
            "line": 23,
            "column": 1
          }
        },
        "line": 12,
        "name": "(anonymous_2)"
      },
      "3": {
        "loc": {
          "start": {
            "line": 13,
            "column": 18
          },
          "end": {
            "line": 15,
            "column": 3
          }
        },
        "decl": {
          "start": {
            "line": 13,
            "column": 12
          },
          "end": {
            "line": 15,
            "column": 3
          }
        },
        "line": 13,
        "name": "(anonymous_3)"
      }
    },
    "f": {
      "0": 2,
      "1": 2,
      "2": 2,
      "3": 2
    },
    "branchMap": {},
    "_coverageSchema": "11020577277169172593",
    "hash": "8677617597940901619"
  },
  "/Users/dhruv.agrawal/Downloads/next_modular_app/src/modules/calendar/components/CalendarModal.tsx": {
    "all": false,
    "path": "/Users/dhruv.agrawal/Downloads/next_modular_app/src/modules/calendar/components/CalendarModal.tsx",
    "statementMap": {
      "0": {
        "start": {
          "line": 5,
          "column": 22
        },
        "end": {
          "line": 16,
          "column": 1
        }
      },
      "1": {
        "start": {
          "line": 6,
          "column": 26
        },
        "end": {
          "line": 6,
          "column": 40
        }
      },
      "2": {
        "start": {
          "line": 8,
          "column": 2
        },
        "end": {
          "line": 8,
          "column": 25
        }
      },
      "3": {
        "start": {
          "line": 8,
          "column": 13
        },
        "end": {
          "line": 8,
          "column": 25
        }
      },
      "4": {
        "start": {
          "line": 10,
          "column": 2
        },
        "end": {
          "line": 15,
          "column": 4
        }
      },
      "5": {
        "start": {
          "line": 13,
          "column": 29
        },
        "end": {
          "line": 13,
          "column": 43
        }
      }
    },
    "b": {
      "0": [
        1,
        2
      ]
    },
    "bT": {},
    "s": {
      "0": 2,
      "1": 3,
      "2": 3,
      "3": 1,
      "4": 2,
      "5": 1
    },
    "fnMap": {
      "0": {
        "loc": {
          "start": {
            "line": 5,
            "column": 28
          },
          "end": {
            "line": 16,
            "column": 1
          }
        },
        "decl": {
          "start": {
            "line": 5,
            "column": 22
          },
          "end": {
            "line": 16,
            "column": 1
          }
        },
        "line": 5,
        "name": "(anonymous_0)"
      },
      "1": {
        "loc": {
          "start": {
            "line": 13,
            "column": 29
          },
          "end": {
            "line": 13,
            "column": 43
          }
        },
        "decl": {
          "start": {
            "line": 13,
            "column": 23
          },
          "end": {
            "line": 13,
            "column": 43
          }
        },
        "line": 13,
        "name": "(anonymous_1)"
      }
    },
    "f": {
      "0": 3,
      "1": 1
    },
    "branchMap": {
      "0": {
        "loc": {
          "start": {
            "line": 8,
            "column": 2
          },
          "end": {
            "line": 8,
            "column": 25
          }
        },
        "line": 8,
        "locations": [
          {
            "start": {
              "line": 8,
              "column": 2
            },
            "end": {
              "line": 8,
              "column": 25
            }
          },
          {
            "start": {
              "line": 8,
              "column": 2
            },
            "end": {
              "line": 8,
              "column": 25
            }
          }
        ],
        "type": "if"
      }
    },
    "_coverageSchema": "11020577277169172593",
    "hash": "13334199762574282799"
  },
  "/Users/dhruv.agrawal/Downloads/next_modular_app/src/pages/calendar/index.tsx": {
    "all": false,
    "path": "/Users/dhruv.agrawal/Downloads/next_modular_app/src/pages/calendar/index.tsx",
    "statementMap": {},
    "b": {},
    "bT": {},
    "s": {},
    "fnMap": {},
    "f": {},
    "branchMap": {},
    "_coverageSchema": "11020577277169172593",
    "hash": "15774230488564089994"
  },
  "/Users/dhruv.agrawal/Downloads/next_modular_app/src/components/LazyMessage.tsx": {
    "path": "/Users/dhruv.agrawal/Downloads/next_modular_app/src/components/LazyMessage.tsx",
    "statementMap": {
      "0": {
        "start": {
          "line": 3,
          "column": 4
        },
        "end": {
          "line": 9,
          "column": 7
        }
      }
    },
    "fnMap": {
      "0": {
        "name": "LazyMessage",
        "decl": {
          "start": {
            "line": 2,
            "column": 24
          },
          "end": {
            "line": 2,
            "column": 35
          }
        },
        "loc": {
          "start": {
            "line": 2,
            "column": 38
          },
          "end": {
            "line": 10,
            "column": 1
          }
        },
        "line": 2
      }
    },
    "branchMap": {},
    "s": {
      "0": 0
    },
    "f": {
      "0": 0
    },
    "b": {}
  },
  "/Users/dhruv.agrawal/Downloads/next_modular_app/src/modules/calendar/CalendarPage2.tsx": {
    "path": "/Users/dhruv.agrawal/Downloads/next_modular_app/src/modules/calendar/CalendarPage2.tsx",
    "statementMap": {
      "0": {
        "start": {
          "line": 4,
          "column": 4
        },
        "end": {
          "line": 6,
          "column": 7
        }
      }
    },
    "fnMap": {
      "0": {
        "name": "CalendarPage2",
        "decl": {
          "start": {
            "line": 3,
            "column": 24
          },
          "end": {
            "line": 3,
            "column": 37
          }
        },
        "loc": {
          "start": {
            "line": 3,
            "column": 40
          },
          "end": {
            "line": 7,
            "column": 1
          }
        },
        "line": 3
      }
    },
    "branchMap": {},
    "s": {
      "0": 0
    },
    "f": {
      "0": 0
    },
    "b": {}
  }
}