{"/Users/dhruv.agrawal/Downloads/finalll/lib/fakeApi.ts":{"path":"/Users/dhruv.agrawal/Downloads/finalll/lib/fakeApi.ts","statementMap":{"0":{"start":{"line":2,"column":2},"end":{"line":2,"column":97}},"1":{"start":{"line":2,"column":32},"end":{"line":2,"column":96}},"2":{"start":{"line":2,"column":49},"end":{"line":2,"column":90}}},"fnMap":{"0":{"name":"getStats","decl":{"start":{"line":1,"column":22},"end":{"line":1,"column":30}},"loc":{"start":{"line":1,"column":50},"end":{"line":3,"column":1}},"line":1},"1":{"name":"(anonymous_1)","decl":{"start":{"line":2,"column":21},"end":{"line":2,"column":22}},"loc":{"start":{"line":2,"column":32},"end":{"line":2,"column":96}},"line":2},"2":{"name":"(anonymous_2)","decl":{"start":{"line":2,"column":43},"end":{"line":2,"column":44}},"loc":{"start":{"line":2,"column":49},"end":{"line":2,"column":90}},"line":2}},"branchMap":{},"s":{"0":1,"1":1,"2":1},"f":{"0":1,"1":1,"2":1},"b":{},"_coverageSchema":"1a1c01bbd47fc00a2c39e90264f33305004495a9","hash":"3456f142b7eca1497ef3ab19348d81a0ca7b1637"},"/Users/dhruv.agrawal/Downloads/finalll/app/dashboard/analytics/page.tsx":{"path":"/Users/dhruv.agrawal/Downloads/finalll/app/dashboard/analytics/page.tsx","statementMap":{"0":{"start":{"line":6,"column":26},"end":{"line":6,"column":55}},"1":{"start":{"line":8,"column":2},"end":{"line":10,"column":8}},"2":{"start":{"line":9,"column":4},"end":{"line":9,"column":28}},"3":{"start":{"line":12,"column":2},"end":{"line":17,"column":3}}},"fnMap":{"0":{"name":"AnalyticsPage","decl":{"start":{"line":5,"column":24},"end":{"line":5,"column":37}},"loc":{"start":{"line":5,"column":40},"end":{"line":18,"column":1}},"line":5},"1":{"name":"(anonymous_1)","decl":{"start":{"line":8,"column":12},"end":{"line":8,"column":13}},"loc":{"start":{"line":8,"column":18},"end":{"line":10,"column":3}},"line":8}},"branchMap":{"0":{"loc":{"start":{"line":15,"column":7},"end":{"line":15,"column":72}},"type":"cond-expr","locations":[{"start":{"line":15,"column":23},"end":{"line":15,"column":40}},{"start":{"line":15,"column":43},"end":{"line":15,"column":72}}],"line":15}},"s":{"0":2,"1":2,"2":1,"3":2},"f":{"0":2,"1":1},"b":{"0":[1,1]},"_coverageSchema":"1a1c01bbd47fc00a2c39e90264f33305004495a9","hash":"8e788d5cca4a83e36e27aed139ecc5092b51e675"}}